2021-09-18 19:37:52,314 [Worker-4: Loading available Gradle versions] INFO  o.e.b.c.i.u.g.PublishedGradleVersions - Gradle version information cache is up-to-date. Trying to read.
2021-09-18 19:40:56,100 [Worker-2: Importing Maven projects] INFO  o.e.m.c.i.l.LifecycleMappingFactory - Using org.eclipse.m2e.jdt.JarLifecycleMapping lifecycle mapping for MavenProject: com.wd.projeto01:projeto01:0.0.1-SNAPSHOT @ C:\Users\francisco.alex\Documents\Estudo\WorkshopDoidera\projetoWD\backend\pom.xml.
2021-09-18 19:40:59,532 [Worker-2: Importing Maven projects] INFO  o.e.m.j.i.AbstractJavaProjectConfigurator - Adding source folder /projeto01/src/main/java
2021-09-18 19:40:59,534 [Worker-2: Importing Maven projects] INFO  o.e.m.j.i.AbstractJavaProjectConfigurator - Adding resource folder /projeto01/src/main/resources
2021-09-18 19:40:59,541 [Worker-2: Importing Maven projects] INFO  o.e.m.j.i.AbstractJavaProjectConfigurator - Adding resource folder /projeto01/src/main/resources
2021-09-18 19:40:59,551 [Worker-2: Importing Maven projects] INFO  o.e.m.j.i.AbstractJavaProjectConfigurator - Adding source folder /projeto01/src/test/java
2021-09-18 19:41:02,644 [Worker-2: Importing Maven projects] INFO  o.e.m.c.i.p.ProjectConfigurationManager - Imported and configured 1 project(s) in 10 sec
2021-09-18 19:41:04,508 [Worker-22: Building] INFO  o.e.m.c.i.embedder.EclipseLogger - Using 'UTF-8' encoding to copy filtered resources.
2021-09-18 19:41:04,508 [Worker-22: Building] INFO  o.e.m.c.i.embedder.EclipseLogger - Using 'UTF-8' encoding to copy filtered properties files.
2021-09-18 19:41:04,516 [Worker-22: Building] INFO  o.e.m.c.i.embedder.EclipseLogger - Copying 1 resource
2021-09-18 19:41:04,545 [Worker-22: Building] INFO  o.e.m.c.i.embedder.EclipseLogger - Copying 0 resource
2021-09-18 19:41:04,550 [Worker-22: Building] INFO  o.e.m.c.i.embedder.EclipseLogger - Using 'UTF-8' encoding to copy filtered resources.
2021-09-18 19:41:04,550 [Worker-22: Building] INFO  o.e.m.c.i.embedder.EclipseLogger - Using 'UTF-8' encoding to copy filtered properties files.
2021-09-18 19:41:04,551 [Worker-22: Building] INFO  o.e.m.c.i.embedder.EclipseLogger - skip non existing resourceDirectory C:\Users\francisco.alex\Documents\Estudo\WorkshopDoidera\projetoWD\backend\src\test\resources
2021-09-18 19:43:26,904 [Worker-0: Loading available Gradle versions] INFO  o.e.b.c.i.u.g.PublishedGradleVersions - Gradle version information cache is up-to-date. Trying to read.
2021-09-18 19:51:29,317 [Worker-22: Launching Executing clean in C__Users_francisco.alex_Documents_Estudo_WorkshopDoidera_projetoWD_backend] INFO  o.e.m.i.launch.MavenLaunchDelegate - C:\Users\francisco.alex\Documents\Estudo\WorkshopDoidera\projetoWD\backend
2021-09-18 19:51:29,527 [Worker-22: Launching Executing clean in C__Users_francisco.alex_Documents_Estudo_WorkshopDoidera_projetoWD_backend] INFO  o.e.m.i.launch.MavenLaunchDelegate -  mvn -B clean
2021-09-18 19:51:35,940 [Worker-23: Building] INFO  o.e.m.c.i.embedder.EclipseLogger - Using 'UTF-8' encoding to copy filtered resources.
2021-09-18 19:51:35,940 [Worker-23: Building] INFO  o.e.m.c.i.embedder.EclipseLogger - Using 'UTF-8' encoding to copy filtered properties files.
2021-09-18 19:51:35,943 [Worker-23: Building] INFO  o.e.m.c.i.embedder.EclipseLogger - Copying 1 resource
2021-09-18 19:51:35,956 [Worker-23: Building] INFO  o.e.m.c.i.embedder.EclipseLogger - Copying 0 resource
2021-09-18 19:51:35,961 [Worker-23: Building] INFO  o.e.m.c.i.embedder.EclipseLogger - Using 'UTF-8' encoding to copy filtered resources.
2021-09-18 19:51:35,961 [Worker-23: Building] INFO  o.e.m.c.i.embedder.EclipseLogger - Using 'UTF-8' encoding to copy filtered properties files.
2021-09-18 19:51:35,961 [Worker-23: Building] INFO  o.e.m.c.i.embedder.EclipseLogger - skip non existing resourceDirectory C:\Users\francisco.alex\Documents\Estudo\WorkshopDoidera\projetoWD\backend\src\test\resources
2021-09-18 20:06:08,959 [Worker-29: Launching Executing install in C__Users_francisco.alex_Documents_Estudo_WorkshopDoidera_projetoWD_backend] INFO  o.e.m.i.launch.MavenLaunchDelegate - C:\Users\francisco.alex\Documents\Estudo\WorkshopDoidera\projetoWD\backend
2021-09-18 20:06:08,959 [Worker-29: Launching Executing install in C__Users_francisco.alex_Documents_Estudo_WorkshopDoidera_projetoWD_backend] INFO  o.e.m.i.launch.MavenLaunchDelegate -  mvn -B install
2021-09-18 20:06:26,406 [Worker-30: Building] INFO  o.e.m.c.i.embedder.EclipseLogger - Using 'UTF-8' encoding to copy filtered resources.
2021-09-18 20:06:26,406 [Worker-30: Building] INFO  o.e.m.c.i.embedder.EclipseLogger - Using 'UTF-8' encoding to copy filtered properties files.
2021-09-18 20:06:26,418 [Worker-30: Building] INFO  o.e.m.c.i.embedder.EclipseLogger - Copying 1 resource
2021-09-18 20:06:26,457 [Worker-30: Building] INFO  o.e.m.c.i.embedder.EclipseLogger - Copying 0 resource
2021-09-18 20:06:26,462 [Worker-30: Building] INFO  o.e.m.c.i.embedder.EclipseLogger - Using 'UTF-8' encoding to copy filtered resources.
2021-09-18 20:06:26,462 [Worker-30: Building] INFO  o.e.m.c.i.embedder.EclipseLogger - Using 'UTF-8' encoding to copy filtered properties files.
2021-09-18 20:06:26,463 [Worker-30: Building] INFO  o.e.m.c.i.embedder.EclipseLogger - skip non existing resourceDirectory C:\Users\francisco.alex\Documents\Estudo\WorkshopDoidera\projetoWD\backend\src\test\resources
2021-09-18 20:07:53,284 [Worker-27: Launching Executing install in C__Users_francisco.alex_Documents_Estudo_WorkshopDoidera_projetoWD_backend] INFO  o.e.m.i.launch.MavenLaunchDelegate - C:\Users\francisco.alex\Documents\Estudo\WorkshopDoidera\projetoWD\backend
2021-09-18 20:07:53,285 [Worker-27: Launching Executing install in C__Users_francisco.alex_Documents_Estudo_WorkshopDoidera_projetoWD_backend] INFO  o.e.m.i.launch.MavenLaunchDelegate -  mvn -B install
2021-09-18 20:08:07,475 [Worker-33: Building] INFO  o.e.m.c.i.embedder.EclipseLogger - Using 'UTF-8' encoding to copy filtered resources.
2021-09-18 20:08:07,475 [Worker-33: Building] INFO  o.e.m.c.i.embedder.EclipseLogger - Using 'UTF-8' encoding to copy filtered properties files.
2021-09-18 20:08:07,476 [Worker-33: Building] INFO  o.e.m.c.i.embedder.EclipseLogger - Copying 1 resource
2021-09-18 20:08:07,489 [Worker-33: Building] INFO  o.e.m.c.i.embedder.EclipseLogger - Copying 0 resource
2021-09-18 20:08:07,493 [Worker-33: Building] INFO  o.e.m.c.i.embedder.EclipseLogger - Using 'UTF-8' encoding to copy filtered resources.
2021-09-18 20:08:07,493 [Worker-33: Building] INFO  o.e.m.c.i.embedder.EclipseLogger - Using 'UTF-8' encoding to copy filtered properties files.
2021-09-18 20:08:07,493 [Worker-33: Building] INFO  o.e.m.c.i.embedder.EclipseLogger - skip non existing resourceDirectory C:\Users\francisco.alex\Documents\Estudo\WorkshopDoidera\projetoWD\backend\src\test\resources
2021-09-18 20:17:48,016 [Worker-41: Building] INFO  o.e.m.c.i.embedder.EclipseLogger - Using 'UTF-8' encoding to copy filtered resources.
2021-09-18 20:17:48,016 [Worker-41: Building] INFO  o.e.m.c.i.embedder.EclipseLogger - Using 'UTF-8' encoding to copy filtered properties files.
2021-09-18 20:17:48,021 [Worker-41: Building] INFO  o.e.m.c.i.embedder.EclipseLogger - Copying 1 resource
